Determining if the pthread_create exist failed with the following output:
Change Dir: /home/eee/lingfei_ws/agv/build/CMakeFiles/CMakeTmp

Run Build Command:"/usr/bin/make" "cmTC_78647/fast"
/usr/bin/make -f CMakeFiles/cmTC_78647.dir/build.make CMakeFiles/cmTC_78647.dir/build
make[1]: Entering directory '/home/eee/lingfei_ws/agv/build/CMakeFiles/CMakeTmp'
Building C object CMakeFiles/cmTC_78647.dir/CheckSymbolExists.c.o
/usr/bin/cc     -o CMakeFiles/cmTC_78647.dir/CheckSymbolExists.c.o   -c /home/eee/lingfei_ws/agv/build/CMakeFiles/CMakeTmp/CheckSymbolExists.c
Linking C executable cmTC_78647
/usr/bin/cmake -E cmake_link_script CMakeFiles/cmTC_78647.dir/link.txt --verbose=1
/usr/bin/cc       CMakeFiles/cmTC_78647.dir/CheckSymbolExists.c.o  -o cmTC_78647 -rdynamic 
CMakeFiles/cmTC_78647.dir/CheckSymbolExists.c.o: In function `main':
CheckSymbolExists.c:(.text+0x16): undefined reference to `pthread_create'
collect2: error: ld returned 1 exit status
CMakeFiles/cmTC_78647.dir/build.make:97: recipe for target 'cmTC_78647' failed
make[1]: *** [cmTC_78647] Error 1
make[1]: Leaving directory '/home/eee/lingfei_ws/agv/build/CMakeFiles/CMakeTmp'
Makefile:126: recipe for target 'cmTC_78647/fast' failed
make: *** [cmTC_78647/fast] Error 2

File /home/eee/lingfei_ws/agv/build/CMakeFiles/CMakeTmp/CheckSymbolExists.c:
/* */
#include <pthread.h>

int main(int argc, char** argv)
{
  (void)argv;
#ifndef pthread_create
  return ((int*)(&pthread_create))[argc];
#else
  (void)argc;
  return 0;
#endif
}

Determining if the function pthread_create exists in the pthreads failed with the following output:
Change Dir: /home/eee/lingfei_ws/agv/build/CMakeFiles/CMakeTmp

Run Build Command:"/usr/bin/make" "cmTC_49b6d/fast"
/usr/bin/make -f CMakeFiles/cmTC_49b6d.dir/build.make CMakeFiles/cmTC_49b6d.dir/build
make[1]: Entering directory '/home/eee/lingfei_ws/agv/build/CMakeFiles/CMakeTmp'
Building C object CMakeFiles/cmTC_49b6d.dir/CheckFunctionExists.c.o
/usr/bin/cc    -DCHECK_FUNCTION_EXISTS=pthread_create   -o CMakeFiles/cmTC_49b6d.dir/CheckFunctionExists.c.o   -c /usr/share/cmake-3.5/Modules/CheckFunctionExists.c
Linking C executable cmTC_49b6d
/usr/bin/cmake -E cmake_link_script CMakeFiles/cmTC_49b6d.dir/link.txt --verbose=1
/usr/bin/cc   -DCHECK_FUNCTION_EXISTS=pthread_create    CMakeFiles/cmTC_49b6d.dir/CheckFunctionExists.c.o  -o cmTC_49b6d -rdynamic -lpthreads 
/usr/bin/ld: cannot find -lpthreads
collect2: error: ld returned 1 exit status
CMakeFiles/cmTC_49b6d.dir/build.make:97: recipe for target 'cmTC_49b6d' failed
make[1]: *** [cmTC_49b6d] Error 1
make[1]: Leaving directory '/home/eee/lingfei_ws/agv/build/CMakeFiles/CMakeTmp'
Makefile:126: recipe for target 'cmTC_49b6d/fast' failed
make: *** [cmTC_49b6d/fast] Error 2


